<?xml version="1.0" encoding="UTF-8" ?>
<testsuite failures="0" time="21.131" errors="0" skipped="0" tests="1" name="com.yoosiba.n4fbtest.sqa.testproject.FbLogoutTest">
  <properties>
    <property name="java.runtime.name" value="Java(TM) SE Runtime Environment"/>
    <property name="sun.boot.library.path" value="C:\Program Files\Java\jdk1.6.0_21\jre\bin"/>
    <property name="java.vm.version" value="17.0-b16"/>
    <property name="java.vm.vendor" value="Sun Microsystems Inc."/>
    <property name="java.vendor.url" value="http://java.sun.com/"/>
    <property name="path.separator" value=";"/>
    <property name="java.vm.name" value="Java HotSpot(TM) 64-Bit Server VM"/>
    <property name="file.encoding.pkg" value="sun.io"/>
    <property name="user.country" value="PL"/>
    <property name="sun.java.launcher" value="SUN_STANDARD"/>
    <property name="sun.os.patch.level" value="Service Pack 1"/>
    <property name="java.vm.specification.name" value="Java Virtual Machine Specification"/>
    <property name="user.dir" value="C:\Users\ereb\Documents\NetBeansProjects\N4FacebookTest\n4FBtest\SQA\TestProject"/>
    <property name="java.runtime.version" value="1.6.0_21-b06"/>
    <property name="java.awt.graphicsenv" value="sun.awt.Win32GraphicsEnvironment"/>
    <property name="basedir" value="C:\Users\ereb\Documents\NetBeansProjects\N4FacebookTest\n4FBtest\SQA\TestProject"/>
    <property name="java.endorsed.dirs" value="C:\Program Files\Java\jdk1.6.0_21\jre\lib\endorsed"/>
    <property name="os.arch" value="amd64"/>
    <property name="surefire.real.class.path" value="C:\Users\ereb\Documents\NetBeansProjects\N4FacebookTest\n4FBtest\SQA\TestProject\target\surefire\surefirebooter103415834366569353.jar"/>
    <property name="java.io.tmpdir" value="C:\Users\ereb\AppData\Local\Temp\"/>
    <property name="line.separator" value="
"/>
    <property name="java.vm.specification.vendor" value="Sun Microsystems Inc."/>
    <property name="user.variant" value=""/>
    <property name="os.name" value="Windows 7"/>
    <property name="sun.jnu.encoding" value="Cp1250"/>
    <property name="java.library.path" value="C:\Program Files\Java\jdk1.6.0_21\jre\bin;.;C:\Windows\Sun\Java\bin;C:\Windows\system32;C:\Windows;C:\Program Files\Common Files\Microsoft Shared\Windows Live;C:\Program Files (x86)\Common Files\Microsoft Shared\Windows Live;C:\Program Files (x86)\CollabNet Subversion Client;C:\Windows\system32;C:\Windows;C:\Windows\System32\Wbem;C:\Windows\System32\WindowsPowerShell\v1.0\;C:\Program Files (x86)\ATI Technologies\ATI.ACE\Core-Static;C:\Program Files (x86)\Mercurial\;C:\Program Files (x86)\TortoiseHg\;C:\Program Files (x86)\Windows Live\Shared"/>
    <property name="surefire.test.class.path" value="C:\Users\ereb\Documents\NetBeansProjects\N4FacebookTest\n4FBtest\SQA\TestProject\target\test-classes;C:\Users\ereb\Documents\NetBeansProjects\N4FacebookTest\n4FBtest\SQA\TestProject\target\classes;C:\Users\ereb\.m2\repository\junit\junit\4.8.2\junit-4.8.2.jar;C:\Users\ereb\Documents\NetBeansProjects\N4FacebookTest\n4FBtest\SQA\TestApi\target\TestApi-1.0-SNAPSHOT.jar;C:\Users\ereb\.m2\repository\org\seleniumhq\selenium\selenium-remote-client\2.0b1\selenium-remote-client-2.0b1.jar;C:\Users\ereb\.m2\repository\cglib\cglib-nodep\2.1_3\cglib-nodep-2.1_3.jar;C:\Users\ereb\.m2\repository\org\seleniumhq\selenium\selenium-remote-common\2.0b1\selenium-remote-common-2.0b1.jar;C:\Users\ereb\.m2\repository\org\json\json\20080701\json-20080701.jar;C:\Users\ereb\.m2\repository\commons-codec\commons-codec\1.4\commons-codec-1.4.jar;C:\Users\ereb\.m2\repository\org\apache\httpcomponents\httpclient\4.0.2\httpclient-4.0.2.jar;C:\Users\ereb\.m2\repository\org\apache\httpcomponents\httpcore\4.0.1\httpcore-4.0.1.jar;C:\Users\ereb\.m2\repository\commons-logging\commons-logging\1.1.1\commons-logging-1.1.1.jar;C:\Users\ereb\.m2\repository\org\seleniumhq\selenium\selenium-support\2.0b1\selenium-support-2.0b1.jar;C:\Users\ereb\.m2\repository\org\seleniumhq\selenium\selenium-common\2.0b1\selenium-common-2.0b1.jar;C:\Users\ereb\.m2\repository\com\google\guava\guava\r07\guava-r07.jar;C:\Users\ereb\.m2\repository\org\hamcrest\hamcrest-all\1.1\hamcrest-all-1.1.jar;C:\Users\ereb\.m2\repository\org\seleniumhq\selenium\selenium-firefox-driver\2.0b1\selenium-firefox-driver-2.0b1.jar;C:\Users\ereb\.m2\repository\commons-io\commons-io\1.4\commons-io-1.4.jar;C:\Users\ereb\.m2\repository\org\seleniumhq\selenium\selenium-ie-driver\2.0b1\selenium-ie-driver-2.0b1.jar;C:\Users\ereb\.m2\repository\net\java\dev\jna\jna\3.2.2\jna-3.2.2.jar;C:\Users\ereb\.m2\repository\org\seleniumhq\selenium\selenium-htmlunit-driver\2.0b1\selenium-htmlunit-driver-2.0b1.jar;C:\Users\ereb\.m2\repository\net\sourceforge\htmlunit\htmlunit\2.8\htmlunit-2.8.jar;C:\Users\ereb\.m2\repository\xalan\xalan\2.7.1\xalan-2.7.1.jar;C:\Users\ereb\.m2\repository\xalan\serializer\2.7.1\serializer-2.7.1.jar;C:\Users\ereb\.m2\repository\commons-collections\commons-collections\3.2.1\commons-collections-3.2.1.jar;C:\Users\ereb\.m2\repository\commons-lang\commons-lang\2.4\commons-lang-2.4.jar;C:\Users\ereb\.m2\repository\org\apache\httpcomponents\httpmime\4.0.1\httpmime-4.0.1.jar;C:\Users\ereb\.m2\repository\org\apache\james\apache-mime4j\0.6\apache-mime4j-0.6.jar;C:\Users\ereb\.m2\repository\net\sourceforge\htmlunit\htmlunit-core-js\2.8\htmlunit-core-js-2.8.jar;C:\Users\ereb\.m2\repository\xerces\xercesImpl\2.9.1\xercesImpl-2.9.1.jar;C:\Users\ereb\.m2\repository\net\sourceforge\nekohtml\nekohtml\1.9.14\nekohtml-1.9.14.jar;C:\Users\ereb\.m2\repository\net\sourceforge\cssparser\cssparser\0.9.5\cssparser-0.9.5.jar;C:\Users\ereb\.m2\repository\org\w3c\css\sac\1.3\sac-1.3.jar;C:\Users\ereb\.m2\repository\org\seleniumhq\selenium\selenium\2.0b1\selenium-2.0b1.jar;C:\Users\ereb\.m2\repository\org\seleniumhq\selenium\selenium-chrome-driver\2.0b1\selenium-chrome-driver-2.0b1.jar;C:\Users\ereb\.m2\repository\org\seleniumhq\selenium\selenium-iphone-driver\2.0b1\selenium-iphone-driver-2.0b1.jar;C:\Users\ereb\.m2\repository\org\concordion\concordion\1.4.1\concordion-1.4.1.jar;C:\Users\ereb\.m2\repository\junit\junit-dep\4.8.2\junit-dep-4.8.2.jar;C:\Users\ereb\.m2\repository\org\hamcrest\hamcrest-core\1.1\hamcrest-core-1.1.jar;C:\Users\ereb\.m2\repository\ognl\ognl\2.6.9\ognl-2.6.9.jar;C:\Users\ereb\.m2\repository\xom\xom\1.2.5\xom-1.2.5.jar;C:\Users\ereb\.m2\repository\xml-apis\xml-apis\1.3.03\xml-apis-1.3.03.jar;"/>
    <property name="java.specification.name" value="Java Platform API Specification"/>
    <property name="java.class.version" value="50.0"/>
    <property name="sun.management.compiler" value="HotSpot 64-Bit Server Compiler"/>
    <property name="os.version" value="6.1"/>
    <property name="user.home" value="C:\Users\ereb"/>
    <property name="user.timezone" value="Europe/Belgrade"/>
    <property name="java.awt.printerjob" value="sun.awt.windows.WPrinterJob"/>
    <property name="java.specification.version" value="1.6"/>
    <property name="file.encoding" value="Cp1250"/>
    <property name="user.name" value="ereb"/>
    <property name="java.class.path" value="C:\Users\ereb\Documents\NetBeansProjects\N4FacebookTest\n4FBtest\SQA\TestProject\target\test-classes;C:\Users\ereb\Documents\NetBeansProjects\N4FacebookTest\n4FBtest\SQA\TestProject\target\classes;C:\Users\ereb\.m2\repository\junit\junit\4.8.2\junit-4.8.2.jar;C:\Users\ereb\Documents\NetBeansProjects\N4FacebookTest\n4FBtest\SQA\TestApi\target\TestApi-1.0-SNAPSHOT.jar;C:\Users\ereb\.m2\repository\org\seleniumhq\selenium\selenium-remote-client\2.0b1\selenium-remote-client-2.0b1.jar;C:\Users\ereb\.m2\repository\cglib\cglib-nodep\2.1_3\cglib-nodep-2.1_3.jar;C:\Users\ereb\.m2\repository\org\seleniumhq\selenium\selenium-remote-common\2.0b1\selenium-remote-common-2.0b1.jar;C:\Users\ereb\.m2\repository\org\json\json\20080701\json-20080701.jar;C:\Users\ereb\.m2\repository\commons-codec\commons-codec\1.4\commons-codec-1.4.jar;C:\Users\ereb\.m2\repository\org\apache\httpcomponents\httpclient\4.0.2\httpclient-4.0.2.jar;C:\Users\ereb\.m2\repository\org\apache\httpcomponents\httpcore\4.0.1\httpcore-4.0.1.jar;C:\Users\ereb\.m2\repository\commons-logging\commons-logging\1.1.1\commons-logging-1.1.1.jar;C:\Users\ereb\.m2\repository\org\seleniumhq\selenium\selenium-support\2.0b1\selenium-support-2.0b1.jar;C:\Users\ereb\.m2\repository\org\seleniumhq\selenium\selenium-common\2.0b1\selenium-common-2.0b1.jar;C:\Users\ereb\.m2\repository\com\google\guava\guava\r07\guava-r07.jar;C:\Users\ereb\.m2\repository\org\hamcrest\hamcrest-all\1.1\hamcrest-all-1.1.jar;C:\Users\ereb\.m2\repository\org\seleniumhq\selenium\selenium-firefox-driver\2.0b1\selenium-firefox-driver-2.0b1.jar;C:\Users\ereb\.m2\repository\commons-io\commons-io\1.4\commons-io-1.4.jar;C:\Users\ereb\.m2\repository\org\seleniumhq\selenium\selenium-ie-driver\2.0b1\selenium-ie-driver-2.0b1.jar;C:\Users\ereb\.m2\repository\net\java\dev\jna\jna\3.2.2\jna-3.2.2.jar;C:\Users\ereb\.m2\repository\org\seleniumhq\selenium\selenium-htmlunit-driver\2.0b1\selenium-htmlunit-driver-2.0b1.jar;C:\Users\ereb\.m2\repository\net\sourceforge\htmlunit\htmlunit\2.8\htmlunit-2.8.jar;C:\Users\ereb\.m2\repository\xalan\xalan\2.7.1\xalan-2.7.1.jar;C:\Users\ereb\.m2\repository\xalan\serializer\2.7.1\serializer-2.7.1.jar;C:\Users\ereb\.m2\repository\commons-collections\commons-collections\3.2.1\commons-collections-3.2.1.jar;C:\Users\ereb\.m2\repository\commons-lang\commons-lang\2.4\commons-lang-2.4.jar;C:\Users\ereb\.m2\repository\org\apache\httpcomponents\httpmime\4.0.1\httpmime-4.0.1.jar;C:\Users\ereb\.m2\repository\org\apache\james\apache-mime4j\0.6\apache-mime4j-0.6.jar;C:\Users\ereb\.m2\repository\net\sourceforge\htmlunit\htmlunit-core-js\2.8\htmlunit-core-js-2.8.jar;C:\Users\ereb\.m2\repository\xerces\xercesImpl\2.9.1\xercesImpl-2.9.1.jar;C:\Users\ereb\.m2\repository\net\sourceforge\nekohtml\nekohtml\1.9.14\nekohtml-1.9.14.jar;C:\Users\ereb\.m2\repository\net\sourceforge\cssparser\cssparser\0.9.5\cssparser-0.9.5.jar;C:\Users\ereb\.m2\repository\org\w3c\css\sac\1.3\sac-1.3.jar;C:\Users\ereb\.m2\repository\org\seleniumhq\selenium\selenium\2.0b1\selenium-2.0b1.jar;C:\Users\ereb\.m2\repository\org\seleniumhq\selenium\selenium-chrome-driver\2.0b1\selenium-chrome-driver-2.0b1.jar;C:\Users\ereb\.m2\repository\org\seleniumhq\selenium\selenium-iphone-driver\2.0b1\selenium-iphone-driver-2.0b1.jar;C:\Users\ereb\.m2\repository\org\concordion\concordion\1.4.1\concordion-1.4.1.jar;C:\Users\ereb\.m2\repository\junit\junit-dep\4.8.2\junit-dep-4.8.2.jar;C:\Users\ereb\.m2\repository\org\hamcrest\hamcrest-core\1.1\hamcrest-core-1.1.jar;C:\Users\ereb\.m2\repository\ognl\ognl\2.6.9\ognl-2.6.9.jar;C:\Users\ereb\.m2\repository\xom\xom\1.2.5\xom-1.2.5.jar;C:\Users\ereb\.m2\repository\xml-apis\xml-apis\1.3.03\xml-apis-1.3.03.jar;"/>
    <property name="concordion.output.dir" value="target/concordion"/>
    <property name="java.vm.specification.version" value="1.0"/>
    <property name="sun.arch.data.model" value="64"/>
    <property name="java.home" value="C:\Program Files\Java\jdk1.6.0_21\jre"/>
    <property name="java.specification.vendor" value="Sun Microsystems Inc."/>
    <property name="user.language" value="pl"/>
    <property name="awt.toolkit" value="sun.awt.windows.WToolkit"/>
    <property name="java.vm.info" value="mixed mode"/>
    <property name="java.version" value="1.6.0_21"/>
    <property name="java.ext.dirs" value="C:\Program Files\Java\jdk1.6.0_21\jre\lib\ext;C:\Windows\Sun\Java\lib\ext"/>
    <property name="sun.boot.class.path" value="C:\Program Files\Java\jdk1.6.0_21\jre\lib\resources.jar;C:\Program Files\Java\jdk1.6.0_21\jre\lib\rt.jar;C:\Program Files\Java\jdk1.6.0_21\jre\lib\sunrsasign.jar;C:\Program Files\Java\jdk1.6.0_21\jre\lib\jsse.jar;C:\Program Files\Java\jdk1.6.0_21\jre\lib\jce.jar;C:\Program Files\Java\jdk1.6.0_21\jre\lib\charsets.jar;C:\Program Files\Java\jdk1.6.0_21\jre\classes"/>
    <property name="java.vendor" value="Sun Microsystems Inc."/>
    <property name="localRepository" value="C:\Users\ereb\.m2\repository"/>
    <property name="file.separator" value="\"/>
    <property name="java.vendor.url.bug" value="http://java.sun.com/cgi-bin/bugreport.cgi"/>
    <property name="sun.cpu.endian" value="little"/>
    <property name="sun.io.unicode.encoding" value="UnicodeLittle"/>
    <property name="sun.desktop" value="windows"/>
    <property name="sun.cpu.isalist" value="amd64"/>
  </properties>
  <testcase time="21.128" classname="com.yoosiba.n4fbtest.sqa.testproject.FbLogoutTest" name="[Concordion Specification for &apos;FbLogout&apos;]"/>
</testsuite>